<?xml version="1.0" encoding="UTF-8"?>
<testsuite xmlns:xsi="http://www.w3.org/2001/XMLSchema-instance" xsi:noNamespaceSchemaLocation="https://maven.apache.org/surefire/maven-surefire-plugin/xsd/surefire-test-report-3.0.xsd" version="3.0" name="net.mooctest.ALUAdderTest" time="0.045" tests="11" errors="0" skipped="0" failures="0">
  <properties>
    <property name="sun.desktop" value="windows"/>
    <property name="awt.toolkit" value="sun.awt.windows.WToolkit"/>
    <property name="file.encoding.pkg" value="sun.io"/>
    <property name="java.specification.version" value="1.8"/>
    <property name="sun.cpu.isalist" value="amd64"/>
    <property name="sun.jnu.encoding" value="GBK"/>
    <property name="java.class.path" value="C:\Users\QRX\Desktop\MyWorkplace\material\AutomatedTesting\ClassicAutomatedTesting\1-ALU\target\test-classes;C:\Users\QRX\Desktop\MyWorkplace\material\AutomatedTesting\ClassicAutomatedTesting\1-ALU\target\classes;C:\Users\QRX\.m2\repository\junit\junit\4.12\junit-4.12.jar;C:\Users\QRX\.m2\repository\org\hamcrest\hamcrest-core\1.3\hamcrest-core-1.3.jar;C:\Users\QRX\.m2\repository\commons-cli\commons-cli\1.4\commons-cli-1.4.jar;C:\Users\QRX\.m2\repository\com\google\guava\guava\24.0-jre\guava-24.0-jre.jar;C:\Users\QRX\.m2\repository\com\google\code\findbugs\jsr305\1.3.9\jsr305-1.3.9.jar;C:\Users\QRX\.m2\repository\org\checkerframework\checker-compat-qual\2.0.0\checker-compat-qual-2.0.0.jar;C:\Users\QRX\.m2\repository\com\google\errorprone\error_prone_annotations\2.1.3\error_prone_annotations-2.1.3.jar;C:\Users\QRX\.m2\repository\com\google\j2objc\j2objc-annotations\1.1\j2objc-annotations-1.1.jar;C:\Users\QRX\.m2\repository\org\codehaus\mojo\animal-sniffer-annotations\1.14\animal-sniffer-annotations-1.14.jar;C:\Users\QRX\.m2\repository\dom4j\dom4j\1.6.1\dom4j-1.6.1.jar;C:\Users\QRX\.m2\repository\xml-apis\xml-apis\1.0.b2\xml-apis-1.0.b2.jar;C:\Users\QRX\.m2\repository\jaxen\jaxen\1.1.6\jaxen-1.1.6.jar;C:\Users\QRX\.m2\repository\com\fasterxml\jackson\core\jackson-databind\2.9.4\jackson-databind-2.9.4.jar;C:\Users\QRX\.m2\repository\com\fasterxml\jackson\core\jackson-annotations\2.9.0\jackson-annotations-2.9.0.jar;C:\Users\QRX\.m2\repository\com\fasterxml\jackson\core\jackson-core\2.9.4\jackson-core-2.9.4.jar;C:\Users\QRX\.m2\repository\org\projectlombok\lombok\1.16.20\lombok-1.16.20.jar;C:\Users\QRX\.m2\repository\com\github\javaparser\javaparser-core\3.5.17\javaparser-core-3.5.17.jar;"/>
    <property name="java.vm.vendor" value="Oracle Corporation"/>
    <property name="sun.arch.data.model" value="64"/>
    <property name="user.variant" value=""/>
    <property name="java.vendor.url" value="http://java.oracle.com/"/>
    <property name="user.timezone" value="Asia/Shanghai"/>
    <property name="java.vm.specification.version" value="1.8"/>
    <property name="os.name" value="Windows 10"/>
    <property name="user.country" value="CN"/>
    <property name="sun.java.launcher" value="SUN_STANDARD"/>
    <property name="sun.boot.library.path" value="C:\Program Files\Java\jdk1.8.0_231\jre\bin"/>
    <property name="sun.java.command" value="C:\Users\QRX\AppData\Local\Temp\surefire112879043122270661\surefirebooter6867233399626322890.jar C:\Users\QRX\AppData\Local\Temp\surefire112879043122270661 2020-10-16T15-11-46_887-jvmRun1 surefire4564501814079004591tmp surefire_03706170228076421562tmp"/>
    <property name="surefire.test.class.path" value="C:\Users\QRX\Desktop\MyWorkplace\material\AutomatedTesting\ClassicAutomatedTesting\1-ALU\target\test-classes;C:\Users\QRX\Desktop\MyWorkplace\material\AutomatedTesting\ClassicAutomatedTesting\1-ALU\target\classes;C:\Users\QRX\.m2\repository\junit\junit\4.12\junit-4.12.jar;C:\Users\QRX\.m2\repository\org\hamcrest\hamcrest-core\1.3\hamcrest-core-1.3.jar;C:\Users\QRX\.m2\repository\commons-cli\commons-cli\1.4\commons-cli-1.4.jar;C:\Users\QRX\.m2\repository\com\google\guava\guava\24.0-jre\guava-24.0-jre.jar;C:\Users\QRX\.m2\repository\com\google\code\findbugs\jsr305\1.3.9\jsr305-1.3.9.jar;C:\Users\QRX\.m2\repository\org\checkerframework\checker-compat-qual\2.0.0\checker-compat-qual-2.0.0.jar;C:\Users\QRX\.m2\repository\com\google\errorprone\error_prone_annotations\2.1.3\error_prone_annotations-2.1.3.jar;C:\Users\QRX\.m2\repository\com\google\j2objc\j2objc-annotations\1.1\j2objc-annotations-1.1.jar;C:\Users\QRX\.m2\repository\org\codehaus\mojo\animal-sniffer-annotations\1.14\animal-sniffer-annotations-1.14.jar;C:\Users\QRX\.m2\repository\dom4j\dom4j\1.6.1\dom4j-1.6.1.jar;C:\Users\QRX\.m2\repository\xml-apis\xml-apis\1.0.b2\xml-apis-1.0.b2.jar;C:\Users\QRX\.m2\repository\jaxen\jaxen\1.1.6\jaxen-1.1.6.jar;C:\Users\QRX\.m2\repository\com\fasterxml\jackson\core\jackson-databind\2.9.4\jackson-databind-2.9.4.jar;C:\Users\QRX\.m2\repository\com\fasterxml\jackson\core\jackson-annotations\2.9.0\jackson-annotations-2.9.0.jar;C:\Users\QRX\.m2\repository\com\fasterxml\jackson\core\jackson-core\2.9.4\jackson-core-2.9.4.jar;C:\Users\QRX\.m2\repository\org\projectlombok\lombok\1.16.20\lombok-1.16.20.jar;C:\Users\QRX\.m2\repository\com\github\javaparser\javaparser-core\3.5.17\javaparser-core-3.5.17.jar;"/>
    <property name="sun.cpu.endian" value="little"/>
    <property name="user.home" value="C:\Users\QRX"/>
    <property name="user.language" value="zh"/>
    <property name="java.specification.vendor" value="Oracle Corporation"/>
    <property name="java.home" value="C:\Program Files\Java\jdk1.8.0_231\jre"/>
    <property name="basedir" value="C:\Users\QRX\Desktop\MyWorkplace\material\AutomatedTesting\ClassicAutomatedTesting\1-ALU"/>
    <property name="file.separator" value="\"/>
    <property name="line.separator" value="&#10;"/>
    <property name="java.vm.specification.vendor" value="Oracle Corporation"/>
    <property name="java.specification.name" value="Java Platform API Specification"/>
    <property name="java.awt.graphicsenv" value="sun.awt.Win32GraphicsEnvironment"/>
    <property name="surefire.real.class.path" value="C:\Users\QRX\AppData\Local\Temp\surefire112879043122270661\surefirebooter6867233399626322890.jar"/>
    <property name="sun.boot.class.path" value="C:\Program Files\Java\jdk1.8.0_231\jre\lib\resources.jar;C:\Program Files\Java\jdk1.8.0_231\jre\lib\rt.jar;C:\Program Files\Java\jdk1.8.0_231\jre\lib\sunrsasign.jar;C:\Program Files\Java\jdk1.8.0_231\jre\lib\jsse.jar;C:\Program Files\Java\jdk1.8.0_231\jre\lib\jce.jar;C:\Program Files\Java\jdk1.8.0_231\jre\lib\charsets.jar;C:\Program Files\Java\jdk1.8.0_231\jre\lib\jfr.jar;C:\Program Files\Java\jdk1.8.0_231\jre\classes"/>
    <property name="user.script" value=""/>
    <property name="sun.management.compiler" value="HotSpot 64-Bit Tiered Compilers"/>
    <property name="java.runtime.version" value="1.8.0_231-b11"/>
    <property name="user.name" value="QRX"/>
    <property name="path.separator" value=";"/>
    <property name="os.version" value="10.0"/>
    <property name="java.endorsed.dirs" value="C:\Program Files\Java\jdk1.8.0_231\jre\lib\endorsed"/>
    <property name="java.runtime.name" value="Java(TM) SE Runtime Environment"/>
    <property name="file.encoding" value="GBK"/>
    <property name="java.vm.name" value="Java HotSpot(TM) 64-Bit Server VM"/>
    <property name="localRepository" value="C:\Users\QRX\.m2\repository"/>
    <property name="java.vendor.url.bug" value="http://bugreport.sun.com/bugreport/"/>
    <property name="java.io.tmpdir" value="C:\Users\QRX\AppData\Local\Temp\"/>
    <property name="java.version" value="1.8.0_231"/>
    <property name="user.dir" value="C:\Users\QRX\Desktop\MyWorkplace\material\AutomatedTesting\ClassicAutomatedTesting\1-ALU"/>
    <property name="os.arch" value="amd64"/>
    <property name="java.vm.specification.name" value="Java Virtual Machine Specification"/>
    <property name="java.awt.printerjob" value="sun.awt.windows.WPrinterJob"/>
    <property name="sun.os.patch.level" value=""/>
    <property name="java.library.path" value="C:\Program Files\Java\jdk1.8.0_231\jre\bin;C:\WINDOWS\Sun\Java\bin;C:\WINDOWS\system32;C:\WINDOWS;C:\ProgramData\Oracle\Java\javapath;C:\Xshell 6\;C:\Program Files\Java\jdk1.8.0_231\\bin;C:\Program Files\Java\jdk1.8.0_231\\jre\bin;C:\Program Files (x86)\Intel\Intel(R) Management Engine Components\iCLS\;C:\Program Files\Intel\Intel(R) Management Engine Components\iCLS\;C:\Windows\system32;C:\Windows;C:\Windows\System32\Wbem;C:\Windows\System32\WindowsPowerShell\v1.0\;C:\Windows\System32\OpenSSH\;C:\Program Files (x86)\Intel\Intel(R) Management Engine Components\DAL;C:\Program Files\Intel\Intel(R) Management Engine Components\DAL;C:\Program Files (x86)\Intel\Intel(R) Management Engine Components\IPT;C:\Program Files\Intel\Intel(R) Management Engine Components\IPT;C:\Program Files (x86)\NVIDIA Corporation\PhysX\Common;C:\Program Files\Microsoft SQL Server\130\Tools\Binn\;C:\Users\QRX\Anaconda3;C:\Program Files\Intel\WiFi\bin\;C:\Program Files\Common Files\Intel\WirelessCommon\;C:\Program Files\TortoiseSVN\bin;C:\WINDOWS\system32;C:\WINDOWS;C:\WINDOWS\System32\Wbem;C:\WINDOWS\System32\WindowsPowerShell\v1.0\;C:\WINDOWS\System32\OpenSSH\;C:\Program Files (x86)\Common Files\Oracle\Java\javapath;C:\Program Files\Git\cmd;C:\Program Files\MiKTeX 2.9\miktex\bin\x64\;C:\nodejs\5.7.0\;;C:\Program Files\NVIDIA Corporation\NVIDIA NvDLISR;C:\Users\QRX\Anaconda3;C:\Users\QRX\Anaconda3\Library\mingw-w64\bin;C:\Users\QRX\Anaconda3\Library\usr\bin;C:\Users\QRX\Anaconda3\Library\bin;C:\Users\QRX\Anaconda3\Scripts;C:\Program Files\MySQL\MySQL Shell 8.0\bin\;C:\Program Files\Java\apache-maven-3.6.1\bin;C:\Program Files\Java\gradle\gradle-4.7\bin;C:\Program Files (x86)\Google\Chrome\Application;C:\Chromedriver;C:\geckodriver;C:\IEdriver;C:\PhantomJS\phantomjs-2.1.1-windows\bin;C:\Users\QRX\Microsoft VS Code\bin;C:\Program Files\MySQL\MySQL Server 8.0\bin;C:\Users\QRX\AppData\Local\Microsoft\WindowsApps;C:\nodejs\node_global;C:\Users\QRX\AppData\Roaming\npm;C:\Android-sdk\24.4.1\tools;C:\Android-sdk\24.4.1\platform-tools;C:\Android-sdk\24.4.1\build-tools\29.0.2;C:\Appium\1.4.16.1\node_modules\.bin;C:\graphviz\graphviz-2.38\release\bin;%CHECKER_FRAMEWORK%\checker\dist;;."/>
    <property name="java.vm.info" value="mixed mode"/>
    <property name="java.vendor" value="Oracle Corporation"/>
    <property name="java.vm.version" value="25.231-b11"/>
    <property name="java.ext.dirs" value="C:\Program Files\Java\jdk1.8.0_231\jre\lib\ext;C:\WINDOWS\Sun\Java\lib\ext"/>
    <property name="sun.io.unicode.encoding" value="UnicodeLittle"/>
    <property name="java.class.version" value="52.0"/>
  </properties>
  <testcase name="test12" classname="net.mooctest.ALUAdderTest" time="0.004"/>
  <testcase name="test25" classname="net.mooctest.ALUAdderTest" time="0"/>
  <testcase name="test27" classname="net.mooctest.ALUAdderTest" time="0"/>
  <testcase name="test28" classname="net.mooctest.ALUAdderTest" time="0"/>
  <testcase name="test33" classname="net.mooctest.ALUAdderTest" time="0"/>
  <testcase name="test34" classname="net.mooctest.ALUAdderTest" time="0.001"/>
  <testcase name="test35" classname="net.mooctest.ALUAdderTest" time="0"/>
  <testcase name="test44" classname="net.mooctest.ALUAdderTest" time="0.001"/>
  <testcase name="test45" classname="net.mooctest.ALUAdderTest" time="0"/>
  <testcase name="test47" classname="net.mooctest.ALUAdderTest" time="0.001"/>
  <testcase name="test48" classname="net.mooctest.ALUAdderTest" time="0"/>
</testsuite>